# JRE version: Java(TM) SE Runtime Environment (8.0_131-b11) (build 1.8.0_131-b11)
# Java VM: Java HotSpot(TM) 64-Bit Server VM (25.131-b11 mixed mode windows-amd64 compressed oops)
Heap:
 def new generation   total 39424K, used 35072K [0x00000000e0000000, 0x00000000e2ac0000, 0x00000000eaaa0000)
  eden space 35072K, 100% used [0x00000000e0000000, 0x00000000e2240000, 0x00000000e2240000)
  from space 4352K,   0% used [0x00000000e2240000, 0x00000000e2240000, 0x00000000e2680000)
  to   space 4352K,   0% used [0x00000000e2680000, 0x00000000e2680000, 0x00000000e2ac0000)
 tenured generation   total 87424K, used 20584K [0x00000000eaaa0000, 0x00000000f0000000, 0x0000000100000000)
   the space 87424K,  23% used [0x00000000eaaa0000, 0x00000000ebeba228, 0x00000000ebeba400, 0x00000000f0000000)
 Metaspace       used 20915K, capacity 21214K, committed 21504K, reserved 1069056K
  class space    used 2340K, capacity 2461K, committed 2560K, reserved 1048576K
GC Heap History (10 events):
Event: 13.393 GC heap before
{Heap before GC invocations=8 (full 0):
 def new generation   total 39296K, used 39295K [0x00000000e0000000, 0x00000000e2aa0000, 0x00000000eaaa0000)
  eden space 34944K, 100% used [0x00000000e0000000, 0x00000000e2220000, 0x00000000e2220000)
  from space 4352K,  99% used [0x00000000e2220000, 0x00000000e265fe80, 0x00000000e2660000)
  to   space 4352K,   0% used [0x00000000e2660000, 0x00000000e2660000, 0x00000000e2aa0000)
 tenured generation   total 87424K, used 10422K [0x00000000eaaa0000, 0x00000000f0000000, 0x0000000100000000)
   the space 87424K,  11% used [0x00000000eaaa0000, 0x00000000eb4cd810, 0x00000000eb4cda00, 0x00000000f0000000)
 Metaspace       used 15663K, capacity 15924K, committed 16000K, reserved 1062912K
  class space    used 1780K, capacity 1874K, committed 1920K, reserved 1048576K
Event: 13.405 GC heap after
Heap after GC invocations=9 (full 0):
 def new generation   total 39296K, used 2481K [0x00000000e0000000, 0x00000000e2aa0000, 0x00000000eaaa0000)
  eden space 34944K,   0% used [0x00000000e0000000, 0x00000000e0000000, 0x00000000e2220000)
  from space 4352K,  57% used [0x00000000e2660000, 0x00000000e28cc448, 0x00000000e2aa0000)
  to   space 4352K,   0% used [0x00000000e2220000, 0x00000000e2220000, 0x00000000e2660000)
 tenured generation   total 87424K, used 14565K [0x00000000eaaa0000, 0x00000000f0000000, 0x0000000100000000)
   the space 87424K,  16% used [0x00000000eaaa0000, 0x00000000eb8d95c0, 0x00000000eb8d9600, 0x00000000f0000000)
 Metaspace       used 15663K, capacity 15924K, committed 16000K, reserved 1062912K
  class space    used 1780K, capacity 1874K, committed 1920K, reserved 1048576K
}
Event: 13.900 GC heap before
{Heap before GC invocations=9 (full 0):
 def new generation   total 39296K, used 37425K [0x00000000e0000000, 0x00000000e2aa0000, 0x00000000eaaa0000)
  eden space 34944K, 100% used [0x00000000e0000000, 0x00000000e2220000, 0x00000000e2220000)
  from space 4352K,  57% used [0x00000000e2660000, 0x00000000e28cc448, 0x00000000e2aa0000)
  to   space 4352K,   0% used [0x00000000e2220000, 0x00000000e2220000, 0x00000000e2660000)
 tenured generation   total 87424K, used 14565K [0x00000000eaaa0000, 0x00000000f0000000, 0x0000000100000000)
   the space 87424K,  16% used [0x00000000eaaa0000, 0x00000000eb8d95c0, 0x00000000eb8d9600, 0x00000000f0000000)
 Metaspace       used 17064K, capacity 17210K, committed 17408K, reserved 1064960K
  class space    used 1935K, capacity 2003K, committed 2048K, reserved 1048576K
Event: 13.907 GC heap after
Heap after GC invocations=10 (full 0):
 def new generation   total 39296K, used 2122K [0x00000000e0000000, 0x00000000e2aa0000, 0x00000000eaaa0000)
  eden space 34944K,   0% used [0x00000000e0000000, 0x00000000e0000000, 0x00000000e2220000)
  from space 4352K,  48% used [0x00000000e2220000, 0x00000000e2432b98, 0x00000000e2660000)
  to   space 4352K,   0% used [0x00000000e2660000, 0x00000000e2660000, 0x00000000e2aa0000)
 tenured generation   total 87424K, used 15514K [0x00000000eaaa0000, 0x00000000f0000000, 0x0000000100000000)
   the space 87424K,  17% used [0x00000000eaaa0000, 0x00000000eb9c6a48, 0x00000000eb9c6c00, 0x00000000f0000000)
 Metaspace       used 17064K, capacity 17210K, committed 17408K, reserved 1064960K
  class space    used 1935K, capacity 2003K, committed 2048K, reserved 1048576K
}
Event: 14.213 GC heap before
{Heap before GC invocations=10 (full 0):
 def new generation   total 39296K, used 37066K [0x00000000e0000000, 0x00000000e2aa0000, 0x00000000eaaa0000)
  eden space 34944K, 100% used [0x00000000e0000000, 0x00000000e2220000, 0x00000000e2220000)
  from space 4352K,  48% used [0x00000000e2220000, 0x00000000e2432b98, 0x00000000e2660000)
  to   space 4352K,   0% used [0x00000000e2660000, 0x00000000e2660000, 0x00000000e2aa0000)
 tenured generation   total 87424K, used 15514K [0x00000000eaaa0000, 0x00000000f0000000, 0x0000000100000000)
   the space 87424K,  17% used [0x00000000eaaa0000, 0x00000000eb9c6a48, 0x00000000eb9c6c00, 0x00000000f0000000)
 Metaspace       used 17881K, capacity 18194K, committed 18304K, reserved 1064960K
  class space    used 2030K, capacity 2139K, committed 2176K, reserved 1048576K
Event: 14.218 GC heap after
Heap after GC invocations=11 (full 0):
 def new generation   total 39296K, used 2201K [0x00000000e0000000, 0x00000000e2aa0000, 0x00000000eaaa0000)
  eden space 34944K,   0% used [0x00000000e0000000, 0x00000000e0000000, 0x00000000e2220000)
  from space 4352K,  50% used [0x00000000e2660000, 0x00000000e28866f0, 0x00000000e2aa0000)
  to   space 4352K,   0% used [0x00000000e2220000, 0x00000000e2220000, 0x00000000e2660000)
 tenured generation   total 87424K, used 15514K [0x00000000eaaa0000, 0x00000000f0000000, 0x0000000100000000)
   the space 87424K,  17% used [0x00000000eaaa0000, 0x00000000eb9c6a48, 0x00000000eb9c6c00, 0x00000000f0000000)
 Metaspace       used 17881K, capacity 18194K, committed 18304K, reserved 1064960K
  class space    used 2030K, capacity 2139K, committed 2176K, reserved 1048576K
}
Event: 14.569 GC heap before
{Heap before GC invocations=11 (full 0):
 def new generation   total 39296K, used 37145K [0x00000000e0000000, 0x00000000e2aa0000, 0x00000000eaaa0000)
  eden space 34944K, 100% used [0x00000000e0000000, 0x00000000e2220000, 0x00000000e2220000)
  from space 4352K,  50% used [0x00000000e2660000, 0x00000000e28866f0, 0x00000000e2aa0000)
  to   space 4352K,   0% used [0x00000000e2220000, 0x00000000e2220000, 0x00000000e2660000)
 tenured generation   total 87424K, used 15514K [0x00000000eaaa0000, 0x00000000f0000000, 0x0000000100000000)
   the space 87424K,  17% used [0x00000000eaaa0000, 0x00000000eb9c6a48, 0x00000000eb9c6c00, 0x00000000f0000000)
 Metaspace       used 18564K, capacity 18834K, committed 18944K, reserved 1067008K
  class space    used 2098K, capacity 2203K, committed 2304K, reserved 1048576K
Event: 14.577 GC heap after
Heap after GC invocations=12 (full 0):
 def new generation   total 39296K, used 2875K [0x00000000e0000000, 0x00000000e2aa0000, 0x00000000eaaa0000)
  eden space 34944K,   0% used [0x00000000e0000000, 0x00000000e0000000, 0x00000000e2220000)
  from space 4352K,  66% used [0x00000000e2220000, 0x00000000e24eede0, 0x00000000e2660000)
  to   space 4352K,   0% used [0x00000000e2660000, 0x00000000e2660000, 0x00000000e2aa0000)
 tenured generation   total 87424K, used 16565K [0x00000000eaaa0000, 0x00000000f0000000, 0x0000000100000000)
   the space 87424K,  18% used [0x00000000eaaa0000, 0x00000000ebacd760, 0x00000000ebacd800, 0x00000000f0000000)
 Metaspace       used 18564K, capacity 18834K, committed 18944K, reserved 1067008K
  class space    used 2098K, capacity 2203K, committed 2304K, reserved 1048576K
}
Event: 14.886 GC heap before
{Heap before GC invocations=12 (full 0):
 def new generation   total 39296K, used 37819K [0x00000000e0000000, 0x00000000e2aa0000, 0x00000000eaaa0000)
  eden space 34944K, 100% used [0x00000000e0000000, 0x00000000e2220000, 0x00000000e2220000)
  from space 4352K,  66% used [0x00000000e2220000, 0x00000000e24eede0, 0x00000000e2660000)
  to   space 4352K,   0% used [0x00000000e2660000, 0x00000000e2660000, 0x00000000e2aa0000)
 tenured generation   total 87424K, used 16565K [0x00000000eaaa0000, 0x00000000f0000000, 0x0000000100000000)
   the space 87424K,  18% used [0x00000000eaaa0000, 0x00000000ebacd760, 0x00000000ebacd800, 0x00000000f0000000)
 Metaspace       used 20800K, capacity 21086K, committed 21248K, reserved 1069056K
  class space    used 2334K, capacity 2461K, committed 2560K, reserved 1048576K
Event: 14.957 GC heap after
Heap after GC invocations=13 (full 1):
 def new generation   total 39424K, used 0K [0x00000000e0000000, 0x00000000e2ac0000, 0x00000000eaaa0000)
  eden space 35072K,   0% used [0x00000000e0000000, 0x00000000e0000000, 0x00000000e2240000)
  from space 4352K,   0% used [0x00000000e2240000, 0x00000000e2240000, 0x00000000e2680000)
  to   space 4352K,   0% used [0x00000000e2680000, 0x00000000e2680000, 0x00000000e2ac0000)
 tenured generation   total 87424K, used 20584K [0x00000000eaaa0000, 0x00000000f0000000, 0x0000000100000000)
   the space 87424K,  23% used [0x00000000eaaa0000, 0x00000000ebeba228, 0x00000000ebeba400, 0x00000000f0000000)
 Metaspace       used 20800K, capacity 21086K, committed 21248K, reserved 1069056K
  class space    used 2334K, capacity 2461K, committed 2560K, reserved 1048576K
}

