# JRE version: Java(TM) SE Runtime Environment (8.0_131-b11) (build 1.8.0_131-b11)
# Java VM: Java HotSpot(TM) 64-Bit Server VM (25.131-b11 mixed mode windows-amd64 compressed oops)
Heap:
 def new generation   total 39424K, used 25891K [0x00000000e0000000, 0x00000000e2ac0000, 0x00000000eaaa0000)
  eden space 35072K,  61% used [0x00000000e0000000, 0x00000000e1508d68, 0x00000000e2240000)
  from space 4352K, 100% used [0x00000000e2240000, 0x00000000e2680000, 0x00000000e2680000)
  to   space 4352K,   0% used [0x00000000e2680000, 0x00000000e2680000, 0x00000000e2ac0000)
 tenured generation   total 87424K, used 20568K [0x00000000eaaa0000, 0x00000000f0000000, 0x0000000100000000)
   the space 87424K,  23% used [0x00000000eaaa0000, 0x00000000ebeb6398, 0x00000000ebeb6400, 0x00000000f0000000)
 Metaspace       used 25408K, capacity 25584K, committed 25856K, reserved 1075200K
  class space    used 2729K, capacity 2786K, committed 2816K, reserved 1048576K
GC Heap History (10 events):
Event: 15.102 GC heap before
{Heap before GC invocations=43 (full 23):
 def new generation   total 39424K, used 0K [0x00000000e0000000, 0x00000000e2ac0000, 0x00000000eaaa0000)
  eden space 35072K,   0% used [0x00000000e0000000, 0x00000000e0000000, 0x00000000e2240000)
  from space 4352K,   0% used [0x00000000e2680000, 0x00000000e2680000, 0x00000000e2ac0000)
  to   space 4352K,   0% used [0x00000000e2240000, 0x00000000e2240000, 0x00000000e2680000)
 tenured generation   total 87424K, used 17443K [0x00000000eaaa0000, 0x00000000f0000000, 0x0000000100000000)
   the space 87424K,  19% used [0x00000000eaaa0000, 0x00000000ebba8d78, 0x00000000ebba8e00, 0x00000000f0000000)
 Metaspace       used 24676K, capacity 24836K, committed 25088K, reserved 1079296K
  class space    used 2666K, capacity 2752K, committed 2816K, reserved 1048576K
Event: 15.159 GC heap after
Heap after GC invocations=44 (full 24):
 def new generation   total 39424K, used 0K [0x00000000e0000000, 0x00000000e2ac0000, 0x00000000eaaa0000)
  eden space 35072K,   0% used [0x00000000e0000000, 0x00000000e0000000, 0x00000000e2240000)
  from space 4352K,   0% used [0x00000000e2680000, 0x00000000e2680000, 0x00000000e2ac0000)
  to   space 4352K,   0% used [0x00000000e2240000, 0x00000000e2240000, 0x00000000e2680000)
 tenured generation   total 87424K, used 17443K [0x00000000eaaa0000, 0x00000000f0000000, 0x0000000100000000)
   the space 87424K,  19% used [0x00000000eaaa0000, 0x00000000ebba8d78, 0x00000000ebba8e00, 0x00000000f0000000)
 Metaspace       used 24676K, capacity 24836K, committed 25088K, reserved 1073152K
  class space    used 2666K, capacity 2752K, committed 2816K, reserved 1048576K
}
Event: 15.159 GC heap before
{Heap before GC invocations=44 (full 24):
 def new generation   total 39424K, used 0K [0x00000000e0000000, 0x00000000e2ac0000, 0x00000000eaaa0000)
  eden space 35072K,   0% used [0x00000000e0000000, 0x00000000e0000000, 0x00000000e2240000)
  from space 4352K,   0% used [0x00000000e2680000, 0x00000000e2680000, 0x00000000e2ac0000)
  to   space 4352K,   0% used [0x00000000e2240000, 0x00000000e2240000, 0x00000000e2680000)
 tenured generation   total 87424K, used 17443K [0x00000000eaaa0000, 0x00000000f0000000, 0x0000000100000000)
   the space 87424K,  19% used [0x00000000eaaa0000, 0x00000000ebba8d78, 0x00000000ebba8e00, 0x00000000f0000000)
 Metaspace       used 24676K, capacity 24836K, committed 25088K, reserved 1077248K
  class space    used 2666K, capacity 2752K, committed 2816K, reserved 1048576K
Event: 15.221 GC heap after
Heap after GC invocations=45 (full 25):
 def new generation   total 39424K, used 0K [0x00000000e0000000, 0x00000000e2ac0000, 0x00000000eaaa0000)
  eden space 35072K,   0% used [0x00000000e0000000, 0x00000000e0000000, 0x00000000e2240000)
  from space 4352K,   0% used [0x00000000e2680000, 0x00000000e2680000, 0x00000000e2ac0000)
  to   space 4352K,   0% used [0x00000000e2240000, 0x00000000e2240000, 0x00000000e2680000)
 tenured generation   total 87424K, used 17443K [0x00000000eaaa0000, 0x00000000f0000000, 0x0000000100000000)
   the space 87424K,  19% used [0x00000000eaaa0000, 0x00000000ebba8d78, 0x00000000ebba8e00, 0x00000000f0000000)
 Metaspace       used 24676K, capacity 24836K, committed 25088K, reserved 1073152K
  class space    used 2666K, capacity 2752K, committed 2816K, reserved 1048576K
}
Event: 15.221 GC heap before
{Heap before GC invocations=45 (full 25):
 def new generation   total 39424K, used 0K [0x00000000e0000000, 0x00000000e2ac0000, 0x00000000eaaa0000)
  eden space 35072K,   0% used [0x00000000e0000000, 0x00000000e0000000, 0x00000000e2240000)
  from space 4352K,   0% used [0x00000000e2680000, 0x00000000e2680000, 0x00000000e2ac0000)
  to   space 4352K,   0% used [0x00000000e2240000, 0x00000000e2240000, 0x00000000e2680000)
 tenured generation   total 87424K, used 17443K [0x00000000eaaa0000, 0x00000000f0000000, 0x0000000100000000)
   the space 87424K,  19% used [0x00000000eaaa0000, 0x00000000ebba8d78, 0x00000000ebba8e00, 0x00000000f0000000)
 Metaspace       used 24676K, capacity 24836K, committed 25088K, reserved 1079296K
  class space    used 2666K, capacity 2752K, committed 2816K, reserved 1048576K
Event: 15.278 GC heap after
Heap after GC invocations=46 (full 26):
 def new generation   total 39424K, used 0K [0x00000000e0000000, 0x00000000e2ac0000, 0x00000000eaaa0000)
  eden space 35072K,   0% used [0x00000000e0000000, 0x00000000e0000000, 0x00000000e2240000)
  from space 4352K,   0% used [0x00000000e2680000, 0x00000000e2680000, 0x00000000e2ac0000)
  to   space 4352K,   0% used [0x00000000e2240000, 0x00000000e2240000, 0x00000000e2680000)
 tenured generation   total 87424K, used 17443K [0x00000000eaaa0000, 0x00000000f0000000, 0x0000000100000000)
   the space 87424K,  19% used [0x00000000eaaa0000, 0x00000000ebba8d78, 0x00000000ebba8e00, 0x00000000f0000000)
 Metaspace       used 24676K, capacity 24836K, committed 25088K, reserved 1073152K
  class space    used 2666K, capacity 2752K, committed 2816K, reserved 1048576K
}
Event: 15.278 GC heap before
{Heap before GC invocations=46 (full 26):
 def new generation   total 39424K, used 0K [0x00000000e0000000, 0x00000000e2ac0000, 0x00000000eaaa0000)
  eden space 35072K,   0% used [0x00000000e0000000, 0x00000000e0000000, 0x00000000e2240000)
  from space 4352K,   0% used [0x00000000e2680000, 0x00000000e2680000, 0x00000000e2ac0000)
  to   space 4352K,   0% used [0x00000000e2240000, 0x00000000e2240000, 0x00000000e2680000)
 tenured generation   total 87424K, used 17443K [0x00000000eaaa0000, 0x00000000f0000000, 0x0000000100000000)
   the space 87424K,  19% used [0x00000000eaaa0000, 0x00000000ebba8d78, 0x00000000ebba8e00, 0x00000000f0000000)
 Metaspace       used 24676K, capacity 24836K, committed 25088K, reserved 1077248K
  class space    used 2666K, capacity 2752K, committed 2816K, reserved 1048576K
Event: 15.335 GC heap after
Heap after GC invocations=47 (full 27):
 def new generation   total 39424K, used 0K [0x00000000e0000000, 0x00000000e2ac0000, 0x00000000eaaa0000)
  eden space 35072K,   0% used [0x00000000e0000000, 0x00000000e0000000, 0x00000000e2240000)
  from space 4352K,   0% used [0x00000000e2680000, 0x00000000e2680000, 0x00000000e2ac0000)
  to   space 4352K,   0% used [0x00000000e2240000, 0x00000000e2240000, 0x00000000e2680000)
 tenured generation   total 87424K, used 17443K [0x00000000eaaa0000, 0x00000000f0000000, 0x0000000100000000)
   the space 87424K,  19% used [0x00000000eaaa0000, 0x00000000ebba8d78, 0x00000000ebba8e00, 0x00000000f0000000)
 Metaspace       used 24676K, capacity 24836K, committed 25088K, reserved 1073152K
  class space    used 2666K, capacity 2752K, committed 2816K, reserved 1048576K
}
Event: 15.994 GC heap before
{Heap before GC invocations=47 (full 27):
 def new generation   total 39424K, used 35072K [0x00000000e0000000, 0x00000000e2ac0000, 0x00000000eaaa0000)
  eden space 35072K, 100% used [0x00000000e0000000, 0x00000000e2240000, 0x00000000e2240000)
  from space 4352K,   0% used [0x00000000e2680000, 0x00000000e2680000, 0x00000000e2ac0000)
  to   space 4352K,   0% used [0x00000000e2240000, 0x00000000e2240000, 0x00000000e2680000)
 tenured generation   total 87424K, used 17443K [0x00000000eaaa0000, 0x00000000f0000000, 0x0000000100000000)
   the space 87424K,  19% used [0x00000000eaaa0000, 0x00000000ebba8d78, 0x00000000ebba8e00, 0x00000000f0000000)
 Metaspace       used 25408K, capacity 25584K, committed 25856K, reserved 1075200K
  class space    used 2729K, capacity 2786K, committed 2816K, reserved 1048576K
Event: 16.005 GC heap after
Heap after GC invocations=48 (full 27):
 def new generation   total 39424K, used 4352K [0x00000000e0000000, 0x00000000e2ac0000, 0x00000000eaaa0000)
  eden space 35072K,   0% used [0x00000000e0000000, 0x00000000e0000000, 0x00000000e2240000)
  from space 4352K, 100% used [0x00000000e2240000, 0x00000000e2680000, 0x00000000e2680000)
  to   space 4352K,   0% used [0x00000000e2680000, 0x00000000e2680000, 0x00000000e2ac0000)
 tenured generation   total 87424K, used 20568K [0x00000000eaaa0000, 0x00000000f0000000, 0x0000000100000000)
   the space 87424K,  23% used [0x00000000eaaa0000, 0x00000000ebeb6398, 0x00000000ebeb6400, 0x00000000f0000000)
 Metaspace       used 25408K, capacity 25584K, committed 25856K, reserved 1075200K
  class space    used 2729K, capacity 2786K, committed 2816K, reserved 1048576K
}

